  [1m[35m (0.1ms)[0m  [1m[34mSELECT sqlite_version(*)[0m
  [1m[35m (4.4ms)[0m  [1m[35mCREATE TABLE "schema_migrations" ("version" varchar NOT NULL PRIMARY KEY)[0m
  [1m[35m (4.3ms)[0m  [1m[35mCREATE TABLE "ar_internal_metadata" ("key" varchar NOT NULL PRIMARY KEY, "value" varchar, "created_at" datetime NOT NULL, "updated_at" datetime NOT NULL)[0m
  [1m[35m (0.1ms)[0m  [1m[34mSELECT "schema_migrations"."version" FROM "schema_migrations" ORDER BY "schema_migrations"."version" ASC[0m
Migrating to CreateUsers (20170606042803)
  [1m[35m (0.0ms)[0m  [1m[36mbegin transaction[0m
  [1m[35m (0.3ms)[0m  [1m[35mCREATE TABLE "users" ("id" INTEGER PRIMARY KEY AUTOINCREMENT NOT NULL, "username" varchar, "email" varchar, "password" varchar, "created_at" datetime NOT NULL, "updated_at" datetime NOT NULL)[0m
  [1m[35mSQL (0.1ms)[0m  [1m[32mINSERT INTO "schema_migrations" ("version") VALUES (?)[0m  [["version", "20170606042803"]]
  [1m[35m (3.8ms)[0m  [1m[36mcommit transaction[0m
  [1m[36mActiveRecord::InternalMetadata Load (0.1ms)[0m  [1m[34mSELECT  "ar_internal_metadata".* FROM "ar_internal_metadata" WHERE "ar_internal_metadata"."key" = ? LIMIT ?[0m  [["key", "environment"], ["LIMIT", 1]]
  [1m[35m (0.1ms)[0m  [1m[36mbegin transaction[0m
  [1m[35mSQL (0.4ms)[0m  [1m[32mINSERT INTO "ar_internal_metadata" ("key", "value", "created_at", "updated_at") VALUES (?, ?, ?, ?)[0m  [["key", "environment"], ["value", "development"], ["created_at", "2017-06-06 04:28:42.113351"], ["updated_at", "2017-06-06 04:28:42.113351"]]
  [1m[35m (2.7ms)[0m  [1m[36mcommit transaction[0m
  [1m[35m (0.1ms)[0m  [1m[34mSELECT "schema_migrations"."version" FROM "schema_migrations" ORDER BY "schema_migrations"."version" ASC[0m
Started GET "/" for 127.0.0.1 at 2017-06-06 14:40:59 +1000
  [1m[35m (0.1ms)[0m  [1m[34mSELECT "schema_migrations"."version" FROM "schema_migrations" ORDER BY "schema_migrations"."version" ASC[0m
Processing by Rails::WelcomeController#index as HTML
  Rendering /home/chris/.rvm/gems/ruby-2.3.3/gems/railties-5.1.1/lib/rails/templates/rails/welcome/index.html.erb
  Rendered /home/chris/.rvm/gems/ruby-2.3.3/gems/railties-5.1.1/lib/rails/templates/rails/welcome/index.html.erb (2.9ms)
Completed 200 OK in 14ms (Views: 5.8ms | ActiveRecord: 0.0ms)


Started GET "/new" for 127.0.0.1 at 2017-06-06 14:41:05 +1000
  
ActionController::RoutingError (No route matches [GET] "/new"):
  
actionpack (5.1.1) lib/action_dispatch/middleware/debug_exceptions.rb:63:in `call'
web-console (3.5.1) lib/web_console/middleware.rb:135:in `call_app'
web-console (3.5.1) lib/web_console/middleware.rb:28:in `block in call'
web-console (3.5.1) lib/web_console/middleware.rb:18:in `catch'
web-console (3.5.1) lib/web_console/middleware.rb:18:in `call'
actionpack (5.1.1) lib/action_dispatch/middleware/show_exceptions.rb:31:in `call'
railties (5.1.1) lib/rails/rack/logger.rb:36:in `call_app'
railties (5.1.1) lib/rails/rack/logger.rb:24:in `block in call'
activesupport (5.1.1) lib/active_support/tagged_logging.rb:69:in `block in tagged'
activesupport (5.1.1) lib/active_support/tagged_logging.rb:26:in `tagged'
activesupport (5.1.1) lib/active_support/tagged_logging.rb:69:in `tagged'
railties (5.1.1) lib/rails/rack/logger.rb:24:in `call'
sprockets-rails (3.2.0) lib/sprockets/rails/quiet_assets.rb:13:in `call'
actionpack (5.1.1) lib/action_dispatch/middleware/remote_ip.rb:79:in `call'
actionpack (5.1.1) lib/action_dispatch/middleware/request_id.rb:25:in `call'
rack (2.0.3) lib/rack/method_override.rb:22:in `call'
rack (2.0.3) lib/rack/runtime.rb:22:in `call'
activesupport (5.1.1) lib/active_support/cache/strategy/local_cache_middleware.rb:27:in `call'
actionpack (5.1.1) lib/action_dispatch/middleware/executor.rb:12:in `call'
actionpack (5.1.1) lib/action_dispatch/middleware/static.rb:125:in `call'
rack (2.0.3) lib/rack/sendfile.rb:111:in `call'
railties (5.1.1) lib/rails/engine.rb:522:in `call'
puma (3.9.1) lib/puma/configuration.rb:224:in `call'
puma (3.9.1) lib/puma/server.rb:602:in `handle_request'
puma (3.9.1) lib/puma/server.rb:435:in `process_client'
puma (3.9.1) lib/puma/server.rb:299:in `block in run'
puma (3.9.1) lib/puma/thread_pool.rb:120:in `block in spawn_thread'
Started GET "/users/new" for 127.0.0.1 at 2017-06-06 14:41:23 +1000
Processing by UsersController#new as HTML
  Rendering users/new.html.erb within layouts/application
  Rendered users/new.html.erb within layouts/application (0.3ms)
Completed 200 OK in 462ms (Views: 460.4ms | ActiveRecord: 0.0ms)


Started GET "/users/new" for 127.0.0.1 at 2017-06-06 14:50:10 +1000
Processing by UsersController#new as HTML
  Rendering users/new.html.erb within layouts/application
  Rendered users/new.html.erb within layouts/application (1.1ms)
Completed 200 OK in 26ms (Views: 23.3ms | ActiveRecord: 0.0ms)


Started GET "/users/new" for 127.0.0.1 at 2017-06-06 14:55:57 +1000
Processing by UsersController#new as HTML
  Rendering users/new.html.erb within layouts/application
  Rendered users/new.html.erb within layouts/application (0.6ms)
Completed 200 OK in 15ms (Views: 14.1ms | ActiveRecord: 0.0ms)


Started GET "/users/new" for 127.0.0.1 at 2017-06-06 14:56:21 +1000
Processing by UsersController#new as HTML
  Rendering users/new.html.erb within layouts/application
  Rendered users/new.html.erb within layouts/application (0.6ms)
Completed 200 OK in 19ms (Views: 17.2ms | ActiveRecord: 0.0ms)


Started POST "/users" for 127.0.0.1 at 2017-06-06 14:57:17 +1000
Processing by UsersController#create as HTML
  Parameters: {"utf8"=>"✓", "authenticity_token"=>"EmnBlTdDcJHZ+EIuSZrEuzhyNCyBcOr3Be4dqwLPOsXGQtclngZPWWN0gp47KogQ6tBUdS/1dyxxa6ul0dPCZA==", "user"=>{"username"=>"test", "email"=>"test@example.com", "password"=>"[FILTERED]", "password_confirmation"=>"[FILTERED]"}, "commit"=>"submit"}
No template found for UsersController#create, rendering head :no_content
Completed 204 No Content in 10ms (ActiveRecord: 0.0ms)


Started POST "/users" for 127.0.0.1 at 2017-06-06 14:57:25 +1000
Processing by UsersController#create as HTML
  Parameters: {"utf8"=>"✓", "authenticity_token"=>"EmnBlTdDcJHZ+EIuSZrEuzhyNCyBcOr3Be4dqwLPOsXGQtclngZPWWN0gp47KogQ6tBUdS/1dyxxa6ul0dPCZA==", "user"=>{"username"=>"test", "email"=>"test@example.com", "password"=>"[FILTERED]", "password_confirmation"=>"[FILTERED]"}, "commit"=>"submit"}
No template found for UsersController#create, rendering head :no_content
Completed 204 No Content in 19ms (ActiveRecord: 0.0ms)


Started GET "/users/new" for 127.0.0.1 at 2017-06-06 14:57:37 +1000
Processing by UsersController#new as HTML
  Rendering users/new.html.erb within layouts/application
  Rendered users/new.html.erb within layouts/application (1.4ms)
Completed 200 OK in 24ms (Views: 21.8ms | ActiveRecord: 0.0ms)


Started POST "/users" for 127.0.0.1 at 2017-06-06 14:57:42 +1000
Processing by UsersController#create as HTML
  Parameters: {"utf8"=>"✓", "authenticity_token"=>"Tnf74YmTioQ4+4NgUyUmjDSnPb0bGJrihnHIJAnZPyCaXO1RINa1TIJ3Q9AhlWon5gVd5LWdBzny9H4q2sXHgQ==", "user"=>{"username"=>"test", "email"=>"test@example.com", "password"=>"[FILTERED]"}, "commit"=>"submit"}
No template found for UsersController#create, rendering head :no_content
Completed 204 No Content in 18ms (ActiveRecord: 0.0ms)


Started GET "/users/new" for 127.0.0.1 at 2017-06-06 14:58:11 +1000
  [1m[35m (0.1ms)[0m  [1m[34mSELECT "schema_migrations"."version" FROM "schema_migrations" ORDER BY "schema_migrations"."version" ASC[0m
Processing by UsersController#new as HTML
  Rendering users/new.html.erb within layouts/application
  Rendered users/new.html.erb within layouts/application (0.9ms)
Completed 200 OK in 165ms (Views: 158.1ms | ActiveRecord: 0.0ms)


Started POST "/users" for 127.0.0.1 at 2017-06-06 14:58:18 +1000
Processing by UsersController#create as HTML
  Parameters: {"utf8"=>"✓", "authenticity_token"=>"pRC8zHu9iSdnBczahAe3yXyPj5Aox24kyEFu4qtcMU9xO6p80vi2792JDGr2t/tiri3vyYZC8/+8xNjseEDJ7g==", "user"=>{"username"=>"test", "email"=>"test@example.com", "password"=>"[FILTERED]"}}
No template found for UsersController#create, rendering head :no_content
Completed 204 No Content in 10ms (ActiveRecord: 0.0ms)


Started POST "/users" for 127.0.0.1 at 2017-06-06 14:59:29 +1000
Processing by UsersController#create as HTML
  Parameters: {"utf8"=>"✓", "authenticity_token"=>"pRC8zHu9iSdnBczahAe3yXyPj5Aox24kyEFu4qtcMU9xO6p80vi2792JDGr2t/tiri3vyYZC8/+8xNjseEDJ7g==", "user"=>{"username"=>"test", "email"=>"test@example.com", "password"=>"[FILTERED]"}}
No template found for UsersController#create, rendering head :no_content
Completed 204 No Content in 16ms (ActiveRecord: 0.0ms)


Started GET "/users/new" for 127.0.0.1 at 2017-06-06 15:01:12 +1000
Processing by UsersController#new as HTML
  Rendering users/new.html.erb within layouts/application
  Rendered users/new.html.erb within layouts/application (1.5ms)
Completed 200 OK in 27ms (Views: 24.3ms | ActiveRecord: 0.0ms)


Started POST "/users" for 127.0.0.1 at 2017-06-06 15:01:21 +1000
Processing by UsersController#create as HTML
  Parameters: {"utf8"=>"✓", "authenticity_token"=>"e4qThUcqGk+qT+4x4D+ZJ6zi3jBYdYSROB+/ubzPOcCvoYU17m8lhxDDLoGSj9WMfkC+afbwGUpMmgm3b9PBYQ==", "user"=>{"username"=>"testname", "email"=>"test@example.com", "password"=>"[FILTERED]"}}
No template found for UsersController#create, rendering head :no_content
Completed 204 No Content in 11ms (ActiveRecord: 0.0ms)


  [1m[35m (0.1ms)[0m  [1m[34mSELECT COUNT(*) FROM "users"[0m
Started POST "/users" for 127.0.0.1 at 2017-06-07 10:01:43 +1000
  [1m[35m (0.2ms)[0m  [1m[34mSELECT "schema_migrations"."version" FROM "schema_migrations" ORDER BY "schema_migrations"."version" ASC[0m
Processing by UsersController#create as HTML
  Parameters: {"utf8"=>"✓", "authenticity_token"=>"e4qThUcqGk+qT+4x4D+ZJ6zi3jBYdYSROB+/ubzPOcCvoYU17m8lhxDDLoGSj9WMfkC+afbwGUpMmgm3b9PBYQ==", "user"=>{"username"=>"user", "email"=>"user@example.com", "password"=>"[FILTERED]"}}
  Rendering users/create.html.erb within layouts/application
  Rendered users/create.html.erb within layouts/application (0.8ms)
Completed 200 OK in 185ms (Views: 177.7ms | ActiveRecord: 0.0ms)


  [1m[35m (0.1ms)[0m  [1m[34mSELECT COUNT(*) FROM "users"[0m
Started POST "/users" for 127.0.0.1 at 2017-06-07 10:05:08 +1000
Processing by UsersController#create as HTML
  Parameters: {"utf8"=>"✓", "authenticity_token"=>"e4qThUcqGk+qT+4x4D+ZJ6zi3jBYdYSROB+/ubzPOcCvoYU17m8lhxDDLoGSj9WMfkC+afbwGUpMmgm3b9PBYQ==", "user"=>{"username"=>"user", "email"=>"user@example.com", "password"=>"[FILTERED]"}}
  [1m[35m (0.1ms)[0m  [1m[36mbegin transaction[0m
  [1m[35m (0.0ms)[0m  [1m[31mrollback transaction[0m
  Rendering users/new.html.erb within layouts/application
  Rendered users/new.html.erb within layouts/application (0.4ms)
Completed 200 OK in 36ms (Views: 12.2ms | ActiveRecord: 1.8ms)


Started POST "/users" for 127.0.0.1 at 2017-06-07 10:09:32 +1000
Processing by UsersController#create as HTML
  Parameters: {"utf8"=>"✓", "authenticity_token"=>"VfGdzhJQlEd1pYF0S8Gq8O/jtMQZ3O22/YXcDYEQ1J6B2ot+uxWrj88pQcQ5ceZbPUHUnbdZcG2JAGoDUgwsPw==", "user"=>{"username"=>"user1", "email"=>"user1@example.com", "password"=>"[FILTERED]"}, "commit"=>"submit"}
Unpermitted parameter: :username
  [1m[35m (0.1ms)[0m  [1m[36mbegin transaction[0m
  [1m[35m (0.0ms)[0m  [1m[31mrollback transaction[0m
  Rendering users/new.html.erb within layouts/application
  Rendered users/new.html.erb within layouts/application (0.4ms)
Completed 200 OK in 24ms (Views: 13.8ms | ActiveRecord: 0.9ms)


  [1m[35m (0.1ms)[0m  [1m[34mSELECT COUNT(*) FROM "users"[0m
Started POST "/users" for 127.0.0.1 at 2017-06-07 10:13:00 +1000
Processing by UsersController#create as HTML
  Parameters: {"utf8"=>"✓", "authenticity_token"=>"58LLnnE1WLIdW7Fm+h7VcPmxbBARKogmaAJGp2X1bfgz6d0u2HBneqfXcdaIrpnbKxMMSb+vFf0ch/CptumVWQ==", "user"=>{"username"=>"user3", "email"=>"user@example.com", "password"=>"[FILTERED]"}, "commit"=>"submit"}
Unpermitted parameter: :username
  [1m[35m (0.1ms)[0m  [1m[36mbegin transaction[0m
  [1m[35m (0.1ms)[0m  [1m[31mrollback transaction[0m
  Rendering users/new.html.erb within layouts/application
  Rendered users/new.html.erb within layouts/application (0.4ms)
Completed 200 OK in 21ms (Views: 10.8ms | ActiveRecord: 0.9ms)


Started POST "/users" for 127.0.0.1 at 2017-06-07 10:15:39 +1000
Processing by UsersController#create as HTML
  Parameters: {"utf8"=>"✓", "authenticity_token"=>"Fhf5vRqckKeFkvBlAg0HICIt3dALhZxuk5p1EcdFJXTCPO8Ns9mvbz8eMNVwvUuL8I+9iaUAAbXnH8MfFFnd1Q==", "user"=>{"username"=>"user1", "email"=>"user@example.com", "password"=>"[FILTERED]"}, "commit"=>"submit"}
  [1m[35m (0.1ms)[0m  [1m[36mbegin transaction[0m
  [1m[35mSQL (0.4ms)[0m  [1m[32mINSERT INTO "users" ("username", "email", "password", "created_at", "updated_at") VALUES (?, ?, ?, ?, ?)[0m  [["username", "user1"], ["email", "user@example.com"], ["password", "password"], ["created_at", "2017-06-07 00:15:39.284264"], ["updated_at", "2017-06-07 00:15:39.284264"]]
  [1m[35m (3.6ms)[0m  [1m[36mcommit transaction[0m
Redirected to http://localhost:3000/users/new
Completed 302 Found in 19ms (ActiveRecord: 4.9ms)


Started GET "/users/new" for 127.0.0.1 at 2017-06-07 10:15:39 +1000
Processing by UsersController#new as HTML
  Rendering users/new.html.erb within layouts/application
  Rendered users/new.html.erb within layouts/application (0.4ms)
Completed 200 OK in 11ms (Views: 10.3ms | ActiveRecord: 0.0ms)


  [1m[35m (0.3ms)[0m  [1m[34mSELECT COUNT(*) FROM "users"[0m
  [1m[36mUser Load (0.5ms)[0m  [1m[34mSELECT  "users".* FROM "users" LIMIT ?[0m  [["LIMIT", 11]]
Started GET "/users/new" for 127.0.0.1 at 2017-06-07 10:27:20 +1000
Processing by UsersController#new as HTML
  Rendering users/new.html.erb within layouts/application
  Rendered users/new.html.erb within layouts/application (1.2ms)
Completed 200 OK in 33ms (Views: 31.5ms | ActiveRecord: 0.0ms)


Started GET "/users/new" for 127.0.0.1 at 2017-06-07 10:27:32 +1000
Processing by UsersController#new as HTML
  Rendering users/new.html.erb within layouts/application
  Rendered users/new.html.erb within layouts/application (2.4ms)
Completed 200 OK in 23ms (Views: 20.0ms | ActiveRecord: 0.0ms)


Started GET "/users/new" for 127.0.0.1 at 2017-06-07 10:27:38 +1000
Processing by UsersController#new as HTML
  Rendering users/new.html.erb within layouts/application
  Rendered users/new.html.erb within layouts/application (4.0ms)
Completed 200 OK in 29ms (Views: 26.4ms | ActiveRecord: 0.0ms)


Started GET "/users/new" for 127.0.0.1 at 2017-06-07 10:27:40 +1000
Processing by UsersController#new as HTML
  Rendering users/new.html.erb within layouts/application
  Rendered users/new.html.erb within layouts/application (1.6ms)
Completed 200 OK in 28ms (Views: 26.3ms | ActiveRecord: 0.0ms)


Started GET "/users/new" for 127.0.0.1 at 2017-06-07 10:27:51 +1000
Processing by UsersController#new as HTML
  Rendering users/new.html.erb within layouts/application
  Rendered users/new.html.erb within layouts/application (3.3ms)
Completed 200 OK in 32ms (Views: 28.9ms | ActiveRecord: 0.0ms)


Started GET "/users/new" for 127.0.0.1 at 2017-06-07 10:27:57 +1000
Processing by UsersController#new as HTML
  Rendering users/new.html.erb within layouts/application
  Rendered users/new.html.erb within layouts/application (3.3ms)
Completed 200 OK in 34ms (Views: 32.2ms | ActiveRecord: 0.0ms)


Started POST "/users" for 127.0.0.1 at 2017-06-07 10:28:19 +1000
Processing by UsersController#create as HTML
  Parameters: {"utf8"=>"✓", "authenticity_token"=>"MT4zXez6YXbhX1KLLKlg5dQ/IBoG6w84Np+a1r+AiFnlFSXtRb9evlvTkjteGSxOBp1AQ6hukuNCGizYbJxw+A==", "username"=>"user2", "email"=>"user2@email.com", "password"=>"[FILTERED]", "commit"=>"submit"}
Completed 400 Bad Request in 1ms (ActiveRecord: 0.0ms)


  
ActionController::ParameterMissing (param is missing or the value is empty: user):
  
app/controllers/users_controller.rb:18:in `user_params'
app/controllers/users_controller.rb:7:in `create'
Started POST "/users" for 127.0.0.1 at 2017-06-07 10:30:22 +1000
Processing by UsersController#create as HTML
  Parameters: {"utf8"=>"✓", "authenticity_token"=>"MT4zXez6YXbhX1KLLKlg5dQ/IBoG6w84Np+a1r+AiFnlFSXtRb9evlvTkjteGSxOBp1AQ6hukuNCGizYbJxw+A==", "username"=>"user2", "email"=>"user2@email.com", "password"=>"[FILTERED]", "commit"=>"submit"}
Completed 400 Bad Request in 1ms (ActiveRecord: 0.0ms)


  
ActionController::ParameterMissing (param is missing or the value is empty: user):
  
app/controllers/users_controller.rb:18:in `user_params'
app/controllers/users_controller.rb:7:in `create'
Started GET "/users/new" for 127.0.0.1 at 2017-06-07 10:30:45 +1000
Processing by UsersController#new as HTML
  Rendering users/new.html.erb within layouts/application
  Rendered users/new.html.erb within layouts/application (140.1ms)
Completed 500 Internal Server Error in 143ms (ActiveRecord: 0.0ms)


  
ActionView::Template::Error (undefined local variable or method `user' for #<#<Class:0x00000004e902d8>:0x007f88223dd040>):
    20: 
    21: <%= form_tag('/users', method: 'post') do %>
    22:   <%= label_tag(:username, "username") %>
    23:   <%= text_field_tag(user[:username]) %><br>
    24: 
    25:   <%= label_tag(:email, "email") %>
    26:   <%= email_field_tag(user[:email]) %><br>
  
app/views/users/new.html.erb:23:in `block in _app_views_users_new_html_erb__92152486954693078_70111333379340'
app/views/users/new.html.erb:21:in `_app_views_users_new_html_erb__92152486954693078_70111333379340'
Started GET "/users/new" for 127.0.0.1 at 2017-06-07 10:31:01 +1000
Processing by UsersController#new as HTML
  Rendering users/new.html.erb within layouts/application
  Rendered users/new.html.erb within layouts/application (141.6ms)
Completed 500 Internal Server Error in 147ms (ActiveRecord: 0.0ms)


  
ActionView::Template::Error (undefined local variable or method `user' for #<#<Class:0x00000004e902d8>:0x007f88185f2678>):
    20: 
    21: <%= form_tag('/users', method: 'post') do %>
    22:   <%= label_tag(:username, "username") %>
    23:   <%= text_field_tag(user[username]) %><br>
    24: 
    25:   <%= label_tag(:email, "email") %>
    26:   <%= email_field_tag(user[email]) %><br>
  
app/views/users/new.html.erb:23:in `block in _app_views_users_new_html_erb__92152486954693078_70111250585600'
app/views/users/new.html.erb:21:in `_app_views_users_new_html_erb__92152486954693078_70111250585600'
Started GET "/users/new" for 127.0.0.1 at 2017-06-07 10:31:13 +1000
Processing by UsersController#new as HTML
  Rendering users/new.html.erb within layouts/application
  Rendered users/new.html.erb within layouts/application (182.4ms)
Completed 500 Internal Server Error in 188ms (ActiveRecord: 0.0ms)


  
ActionView::Template::Error (undefined local variable or method `user' for #<#<Class:0x00000004e902d8>:0x007f88223cd140>):
    20: 
    21: <%= form_tag('/users', method: 'post') do %>
    22:   <%= label_tag(:username, "username") %>
    23:   <%= text_field_tag(user[:username]) %><br>
    24: 
    25:   <%= label_tag(:email, "email") %>
    26:   <%= email_field_tag(user[:email]) %><br>
  
app/views/users/new.html.erb:23:in `block in _app_views_users_new_html_erb__92152486954693078_70111333351100'
app/views/users/new.html.erb:21:in `_app_views_users_new_html_erb__92152486954693078_70111333351100'
Started GET "/users/new" for 127.0.0.1 at 2017-06-07 10:33:11 +1000
Processing by UsersController#new as HTML
  Rendering users/new.html.erb within layouts/application
  Rendered users/new.html.erb within layouts/application (1.0ms)
Completed 200 OK in 14ms (Views: 12.6ms)


  [1m[35m (0.4ms)[0m  [1m[34mSELECT COUNT(*) FROM "users"[0m
Started POST "/users" for 127.0.0.1 at 2017-06-07 10:33:31 +1000
Processing by UsersController#create as HTML
  Parameters: {"utf8"=>"✓", "authenticity_token"=>"WaYFhMH7g0TTHSYLRzN34fScc7xfjyFKovyZb2j/LSuNjRM0aL68jGmR5rs1gztKJj4T5fEKvJHWeS9hu+PVig==", "username"=>"user2", "email"=>"user2@email.com", "password"=>"[FILTERED]", "commit"=>"submit"}
  [1m[35m (0.1ms)[0m  [1m[36mbegin transaction[0m
  [1m[35mSQL (0.6ms)[0m  [1m[32mINSERT INTO "users" ("username", "email", "password", "created_at", "updated_at") VALUES (?, ?, ?, ?, ?)[0m  [["username", "user2"], ["email", "user2@email.com"], ["password", "password"], ["created_at", "2017-06-07 00:33:31.661400"], ["updated_at", "2017-06-07 00:33:31.661400"]]
  [1m[35m (3.2ms)[0m  [1m[36mcommit transaction[0m
Redirected to http://localhost:3000/users/new
Completed 302 Found in 14ms (ActiveRecord: 4.5ms)


Started GET "/users/new" for 127.0.0.1 at 2017-06-07 10:33:31 +1000
Processing by UsersController#new as HTML
  Rendering users/new.html.erb within layouts/application
  Rendered users/new.html.erb within layouts/application (1.1ms)
Completed 200 OK in 10ms (Views: 9.7ms | ActiveRecord: 0.0ms)


  [1m[35m (0.3ms)[0m  [1m[34mSELECT COUNT(*) FROM "users"[0m
  [1m[36mUser Load (0.3ms)[0m  [1m[34mSELECT  "users".* FROM "users" LIMIT ?[0m  [["LIMIT", 11]]
Started GET "/users/1/edit" for 127.0.0.1 at 2017-06-07 10:43:22 +1000
Processing by UsersController#edit as HTML
  Parameters: {"id"=>"1"}
  [1m[36mUser Load (0.1ms)[0m  [1m[34mSELECT  "users".* FROM "users" WHERE "users"."id" = ? LIMIT ?[0m  [["id", nil], ["LIMIT", 1]]
Completed 404 Not Found in 6ms (ActiveRecord: 0.7ms)


  
ActiveRecord::RecordNotFound (Couldn't find User with 'id'=):
  
app/controllers/users_controller.rb:17:in `edit'
Started GET "/users/user1/edit" for 127.0.0.1 at 2017-06-07 10:43:37 +1000
Processing by UsersController#edit as HTML
  Parameters: {"id"=>"user1"}
  [1m[36mUser Load (0.1ms)[0m  [1m[34mSELECT  "users".* FROM "users" WHERE "users"."id" = ? LIMIT ?[0m  [["id", nil], ["LIMIT", 1]]
Completed 404 Not Found in 1ms (ActiveRecord: 0.1ms)


  
ActiveRecord::RecordNotFound (Couldn't find User with 'id'=):
  
app/controllers/users_controller.rb:17:in `edit'
Started GET "/users/user1/edit" for 127.0.0.1 at 2017-06-07 10:43:39 +1000
Processing by UsersController#edit as HTML
  Parameters: {"id"=>"user1"}
  [1m[36mUser Load (0.1ms)[0m  [1m[34mSELECT  "users".* FROM "users" WHERE "users"."id" = ? LIMIT ?[0m  [["id", nil], ["LIMIT", 1]]
Completed 404 Not Found in 1ms (ActiveRecord: 0.1ms)


  
ActiveRecord::RecordNotFound (Couldn't find User with 'id'=):
  
app/controllers/users_controller.rb:17:in `edit'
Started POST "/users" for 127.0.0.1 at 2017-06-07 10:45:04 +1000
Processing by UsersController#create as HTML
  Parameters: {"utf8"=>"✓", "authenticity_token"=>"cTyiFTcEsLBASR6TdCYQEZse1Crm9K/v/PDy6v/1AOmlF7SlnkGPePrF3iMGlly6Sby0c0hxMjSIdUTkLOn4SA==", "username"=>"user1", "email"=>"user@example.com", "password"=>"[FILTERED]", "commit"=>"submit"}
  [1m[35m (0.1ms)[0m  [1m[36mbegin transaction[0m
  [1m[35mSQL (0.6ms)[0m  [1m[32mINSERT INTO "users" ("username", "email", "password", "created_at", "updated_at") VALUES (?, ?, ?, ?, ?)[0m  [["username", "user1"], ["email", "user@example.com"], ["password", "password"], ["created_at", "2017-06-07 00:45:04.459972"], ["updated_at", "2017-06-07 00:45:04.459972"]]
  [1m[35m (2.9ms)[0m  [1m[36mcommit transaction[0m
Redirected to http://localhost:3000/users/new
Completed 302 Found in 11ms (ActiveRecord: 3.6ms)


Started GET "/users/new" for 127.0.0.1 at 2017-06-07 10:45:04 +1000
Processing by UsersController#new as HTML
  Rendering users/new.html.erb within layouts/application
  Rendered users/new.html.erb within layouts/application (1.2ms)
Completed 200 OK in 15ms (Views: 14.1ms | ActiveRecord: 0.0ms)


Started GET "/1/edit" for 127.0.0.1 at 2017-06-07 10:45:30 +1000
  
ActionController::RoutingError (No route matches [GET] "/1/edit"):
  
actionpack (5.1.1) lib/action_dispatch/middleware/debug_exceptions.rb:63:in `call'
web-console (3.5.1) lib/web_console/middleware.rb:135:in `call_app'
web-console (3.5.1) lib/web_console/middleware.rb:28:in `block in call'
web-console (3.5.1) lib/web_console/middleware.rb:18:in `catch'
web-console (3.5.1) lib/web_console/middleware.rb:18:in `call'
actionpack (5.1.1) lib/action_dispatch/middleware/show_exceptions.rb:31:in `call'
railties (5.1.1) lib/rails/rack/logger.rb:36:in `call_app'
railties (5.1.1) lib/rails/rack/logger.rb:24:in `block in call'
activesupport (5.1.1) lib/active_support/tagged_logging.rb:69:in `block in tagged'
activesupport (5.1.1) lib/active_support/tagged_logging.rb:26:in `tagged'
activesupport (5.1.1) lib/active_support/tagged_logging.rb:69:in `tagged'
railties (5.1.1) lib/rails/rack/logger.rb:24:in `call'
sprockets-rails (3.2.0) lib/sprockets/rails/quiet_assets.rb:13:in `call'
actionpack (5.1.1) lib/action_dispatch/middleware/remote_ip.rb:79:in `call'
actionpack (5.1.1) lib/action_dispatch/middleware/request_id.rb:25:in `call'
rack (2.0.3) lib/rack/method_override.rb:22:in `call'
rack (2.0.3) lib/rack/runtime.rb:22:in `call'
activesupport (5.1.1) lib/active_support/cache/strategy/local_cache_middleware.rb:27:in `call'
actionpack (5.1.1) lib/action_dispatch/middleware/executor.rb:12:in `call'
actionpack (5.1.1) lib/action_dispatch/middleware/static.rb:125:in `call'
rack (2.0.3) lib/rack/sendfile.rb:111:in `call'
railties (5.1.1) lib/rails/engine.rb:522:in `call'
puma (3.9.1) lib/puma/configuration.rb:224:in `call'
puma (3.9.1) lib/puma/server.rb:602:in `handle_request'
puma (3.9.1) lib/puma/server.rb:435:in `process_client'
puma (3.9.1) lib/puma/server.rb:299:in `block in run'
puma (3.9.1) lib/puma/thread_pool.rb:120:in `block in spawn_thread'
Started GET "/user1/edit" for 127.0.0.1 at 2017-06-07 10:45:40 +1000
  
ActionController::RoutingError (No route matches [GET] "/user1/edit"):
  
actionpack (5.1.1) lib/action_dispatch/middleware/debug_exceptions.rb:63:in `call'
web-console (3.5.1) lib/web_console/middleware.rb:135:in `call_app'
web-console (3.5.1) lib/web_console/middleware.rb:28:in `block in call'
web-console (3.5.1) lib/web_console/middleware.rb:18:in `catch'
web-console (3.5.1) lib/web_console/middleware.rb:18:in `call'
actionpack (5.1.1) lib/action_dispatch/middleware/show_exceptions.rb:31:in `call'
railties (5.1.1) lib/rails/rack/logger.rb:36:in `call_app'
railties (5.1.1) lib/rails/rack/logger.rb:24:in `block in call'
activesupport (5.1.1) lib/active_support/tagged_logging.rb:69:in `block in tagged'
activesupport (5.1.1) lib/active_support/tagged_logging.rb:26:in `tagged'
activesupport (5.1.1) lib/active_support/tagged_logging.rb:69:in `tagged'
railties (5.1.1) lib/rails/rack/logger.rb:24:in `call'
sprockets-rails (3.2.0) lib/sprockets/rails/quiet_assets.rb:13:in `call'
actionpack (5.1.1) lib/action_dispatch/middleware/remote_ip.rb:79:in `call'
actionpack (5.1.1) lib/action_dispatch/middleware/request_id.rb:25:in `call'
rack (2.0.3) lib/rack/method_override.rb:22:in `call'
rack (2.0.3) lib/rack/runtime.rb:22:in `call'
activesupport (5.1.1) lib/active_support/cache/strategy/local_cache_middleware.rb:27:in `call'
actionpack (5.1.1) lib/action_dispatch/middleware/executor.rb:12:in `call'
actionpack (5.1.1) lib/action_dispatch/middleware/static.rb:125:in `call'
rack (2.0.3) lib/rack/sendfile.rb:111:in `call'
railties (5.1.1) lib/rails/engine.rb:522:in `call'
puma (3.9.1) lib/puma/configuration.rb:224:in `call'
puma (3.9.1) lib/puma/server.rb:602:in `handle_request'
puma (3.9.1) lib/puma/server.rb:435:in `process_client'
puma (3.9.1) lib/puma/server.rb:299:in `block in run'
puma (3.9.1) lib/puma/thread_pool.rb:120:in `block in spawn_thread'
Started GET "/users" for 127.0.0.1 at 2017-06-07 10:46:35 +1000
  
ActionController::RoutingError (No route matches [GET] "/users"):
  
actionpack (5.1.1) lib/action_dispatch/middleware/debug_exceptions.rb:63:in `call'
web-console (3.5.1) lib/web_console/middleware.rb:135:in `call_app'
web-console (3.5.1) lib/web_console/middleware.rb:28:in `block in call'
web-console (3.5.1) lib/web_console/middleware.rb:18:in `catch'
web-console (3.5.1) lib/web_console/middleware.rb:18:in `call'
actionpack (5.1.1) lib/action_dispatch/middleware/show_exceptions.rb:31:in `call'
railties (5.1.1) lib/rails/rack/logger.rb:36:in `call_app'
railties (5.1.1) lib/rails/rack/logger.rb:24:in `block in call'
activesupport (5.1.1) lib/active_support/tagged_logging.rb:69:in `block in tagged'
activesupport (5.1.1) lib/active_support/tagged_logging.rb:26:in `tagged'
activesupport (5.1.1) lib/active_support/tagged_logging.rb:69:in `tagged'
railties (5.1.1) lib/rails/rack/logger.rb:24:in `call'
sprockets-rails (3.2.0) lib/sprockets/rails/quiet_assets.rb:13:in `call'
actionpack (5.1.1) lib/action_dispatch/middleware/remote_ip.rb:79:in `call'
actionpack (5.1.1) lib/action_dispatch/middleware/request_id.rb:25:in `call'
rack (2.0.3) lib/rack/method_override.rb:22:in `call'
rack (2.0.3) lib/rack/runtime.rb:22:in `call'
activesupport (5.1.1) lib/active_support/cache/strategy/local_cache_middleware.rb:27:in `call'
actionpack (5.1.1) lib/action_dispatch/middleware/executor.rb:12:in `call'
actionpack (5.1.1) lib/action_dispatch/middleware/static.rb:125:in `call'
rack (2.0.3) lib/rack/sendfile.rb:111:in `call'
railties (5.1.1) lib/rails/engine.rb:522:in `call'
puma (3.9.1) lib/puma/configuration.rb:224:in `call'
puma (3.9.1) lib/puma/server.rb:602:in `handle_request'
puma (3.9.1) lib/puma/server.rb:435:in `process_client'
puma (3.9.1) lib/puma/server.rb:299:in `block in run'
puma (3.9.1) lib/puma/thread_pool.rb:120:in `block in spawn_thread'
Started GET "/users" for 127.0.0.1 at 2017-06-07 10:51:30 +1000
  
ActionController::RoutingError (No route matches [GET] "/users"):
  
actionpack (5.1.1) lib/action_dispatch/middleware/debug_exceptions.rb:63:in `call'
web-console (3.5.1) lib/web_console/middleware.rb:135:in `call_app'
web-console (3.5.1) lib/web_console/middleware.rb:28:in `block in call'
web-console (3.5.1) lib/web_console/middleware.rb:18:in `catch'
web-console (3.5.1) lib/web_console/middleware.rb:18:in `call'
actionpack (5.1.1) lib/action_dispatch/middleware/show_exceptions.rb:31:in `call'
railties (5.1.1) lib/rails/rack/logger.rb:36:in `call_app'
railties (5.1.1) lib/rails/rack/logger.rb:24:in `block in call'
activesupport (5.1.1) lib/active_support/tagged_logging.rb:69:in `block in tagged'
activesupport (5.1.1) lib/active_support/tagged_logging.rb:26:in `tagged'
activesupport (5.1.1) lib/active_support/tagged_logging.rb:69:in `tagged'
railties (5.1.1) lib/rails/rack/logger.rb:24:in `call'
sprockets-rails (3.2.0) lib/sprockets/rails/quiet_assets.rb:13:in `call'
actionpack (5.1.1) lib/action_dispatch/middleware/remote_ip.rb:79:in `call'
actionpack (5.1.1) lib/action_dispatch/middleware/request_id.rb:25:in `call'
rack (2.0.3) lib/rack/method_override.rb:22:in `call'
rack (2.0.3) lib/rack/runtime.rb:22:in `call'
activesupport (5.1.1) lib/active_support/cache/strategy/local_cache_middleware.rb:27:in `call'
actionpack (5.1.1) lib/action_dispatch/middleware/executor.rb:12:in `call'
actionpack (5.1.1) lib/action_dispatch/middleware/static.rb:125:in `call'
rack (2.0.3) lib/rack/sendfile.rb:111:in `call'
railties (5.1.1) lib/rails/engine.rb:522:in `call'
puma (3.9.1) lib/puma/configuration.rb:224:in `call'
puma (3.9.1) lib/puma/server.rb:602:in `handle_request'
puma (3.9.1) lib/puma/server.rb:435:in `process_client'
puma (3.9.1) lib/puma/server.rb:299:in `block in run'
puma (3.9.1) lib/puma/thread_pool.rb:120:in `block in spawn_thread'
Started GET "/users/edit" for 127.0.0.1 at 2017-06-07 10:51:45 +1000
  
ActionController::RoutingError (No route matches [GET] "/users/edit"):
  
actionpack (5.1.1) lib/action_dispatch/middleware/debug_exceptions.rb:63:in `call'
web-console (3.5.1) lib/web_console/middleware.rb:135:in `call_app'
web-console (3.5.1) lib/web_console/middleware.rb:28:in `block in call'
web-console (3.5.1) lib/web_console/middleware.rb:18:in `catch'
web-console (3.5.1) lib/web_console/middleware.rb:18:in `call'
actionpack (5.1.1) lib/action_dispatch/middleware/show_exceptions.rb:31:in `call'
railties (5.1.1) lib/rails/rack/logger.rb:36:in `call_app'
railties (5.1.1) lib/rails/rack/logger.rb:24:in `block in call'
activesupport (5.1.1) lib/active_support/tagged_logging.rb:69:in `block in tagged'
activesupport (5.1.1) lib/active_support/tagged_logging.rb:26:in `tagged'
activesupport (5.1.1) lib/active_support/tagged_logging.rb:69:in `tagged'
railties (5.1.1) lib/rails/rack/logger.rb:24:in `call'
sprockets-rails (3.2.0) lib/sprockets/rails/quiet_assets.rb:13:in `call'
actionpack (5.1.1) lib/action_dispatch/middleware/remote_ip.rb:79:in `call'
actionpack (5.1.1) lib/action_dispatch/middleware/request_id.rb:25:in `call'
rack (2.0.3) lib/rack/method_override.rb:22:in `call'
rack (2.0.3) lib/rack/runtime.rb:22:in `call'
activesupport (5.1.1) lib/active_support/cache/strategy/local_cache_middleware.rb:27:in `call'
actionpack (5.1.1) lib/action_dispatch/middleware/executor.rb:12:in `call'
actionpack (5.1.1) lib/action_dispatch/middleware/static.rb:125:in `call'
rack (2.0.3) lib/rack/sendfile.rb:111:in `call'
railties (5.1.1) lib/rails/engine.rb:522:in `call'
puma (3.9.1) lib/puma/configuration.rb:224:in `call'
puma (3.9.1) lib/puma/server.rb:602:in `handle_request'
puma (3.9.1) lib/puma/server.rb:435:in `process_client'
puma (3.9.1) lib/puma/server.rb:299:in `block in run'
puma (3.9.1) lib/puma/thread_pool.rb:120:in `block in spawn_thread'
Started GET "/users/update" for 127.0.0.1 at 2017-06-07 10:52:01 +1000
  
ActionController::RoutingError (No route matches [GET] "/users/update"):
  
actionpack (5.1.1) lib/action_dispatch/middleware/debug_exceptions.rb:63:in `call'
web-console (3.5.1) lib/web_console/middleware.rb:135:in `call_app'
web-console (3.5.1) lib/web_console/middleware.rb:28:in `block in call'
web-console (3.5.1) lib/web_console/middleware.rb:18:in `catch'
web-console (3.5.1) lib/web_console/middleware.rb:18:in `call'
actionpack (5.1.1) lib/action_dispatch/middleware/show_exceptions.rb:31:in `call'
railties (5.1.1) lib/rails/rack/logger.rb:36:in `call_app'
railties (5.1.1) lib/rails/rack/logger.rb:24:in `block in call'
activesupport (5.1.1) lib/active_support/tagged_logging.rb:69:in `block in tagged'
activesupport (5.1.1) lib/active_support/tagged_logging.rb:26:in `tagged'
activesupport (5.1.1) lib/active_support/tagged_logging.rb:69:in `tagged'
railties (5.1.1) lib/rails/rack/logger.rb:24:in `call'
sprockets-rails (3.2.0) lib/sprockets/rails/quiet_assets.rb:13:in `call'
actionpack (5.1.1) lib/action_dispatch/middleware/remote_ip.rb:79:in `call'
actionpack (5.1.1) lib/action_dispatch/middleware/request_id.rb:25:in `call'
rack (2.0.3) lib/rack/method_override.rb:22:in `call'
rack (2.0.3) lib/rack/runtime.rb:22:in `call'
activesupport (5.1.1) lib/active_support/cache/strategy/local_cache_middleware.rb:27:in `call'
actionpack (5.1.1) lib/action_dispatch/middleware/executor.rb:12:in `call'
actionpack (5.1.1) lib/action_dispatch/middleware/static.rb:125:in `call'
rack (2.0.3) lib/rack/sendfile.rb:111:in `call'
railties (5.1.1) lib/rails/engine.rb:522:in `call'
puma (3.9.1) lib/puma/configuration.rb:224:in `call'
puma (3.9.1) lib/puma/server.rb:602:in `handle_request'
puma (3.9.1) lib/puma/server.rb:435:in `process_client'
puma (3.9.1) lib/puma/server.rb:299:in `block in run'
puma (3.9.1) lib/puma/thread_pool.rb:120:in `block in spawn_thread'
Started GET "/users/new" for 127.0.0.1 at 2017-06-07 10:52:07 +1000
Processing by UsersController#new as HTML
  Rendering users/new.html.erb within layouts/application
  Rendered users/new.html.erb within layouts/application (1.3ms)
Completed 200 OK in 19ms (Views: 17.6ms)


Started GET "/users/1/edit" for 127.0.0.1 at 2017-06-07 10:53:44 +1000
Processing by UsersController#edit as HTML
  Parameters: {"id"=>"1"}
  [1m[36mUser Load (0.1ms)[0m  [1m[34mSELECT  "users".* FROM "users" WHERE "users"."id" = ? LIMIT ?[0m  [["id", 1], ["LIMIT", 1]]
  Rendering users/edit.html.erb within layouts/application
  Rendered users/edit.html.erb within layouts/application (6.0ms)
Completed 200 OK in 33ms (Views: 16.6ms | ActiveRecord: 1.3ms)


Started PATCH "/users/1" for 127.0.0.1 at 2017-06-07 10:53:50 +1000
Processing by UsersController#update as HTML
  Parameters: {"utf8"=>"✓", "authenticity_token"=>"DFNOzmoOm6UKuyZV8W/YfUlTv1fbArDhIVmTv2SHGDjYeFh+w0ukbbA35uWD35TWm/HfDnWHLTpV3CWxt5vgmQ==", "user"=>{"username"=>"user1", "email"=>"user@example.com", "password"=>"[FILTERED]"}, "commit"=>"Submit", "id"=>"1"}
  [1m[36mUser Load (0.2ms)[0m  [1m[34mSELECT  "users".* FROM "users" WHERE "users"."id" = ? LIMIT ?[0m  [["id", 1], ["LIMIT", 1]]
  [1m[35m (0.1ms)[0m  [1m[36mbegin transaction[0m
  [1m[35mSQL (1.0ms)[0m  [1m[33mUPDATE "users" SET "password" = ?, "updated_at" = ? WHERE "users"."id" = ?[0m  [["password", "password2"], ["updated_at", "2017-06-07 00:53:50.840022"], ["id", 1]]
  [1m[35m (2.9ms)[0m  [1m[36mcommit transaction[0m
Redirected to http://localhost:3000/users/1/edit
Completed 302 Found in 11ms (ActiveRecord: 4.1ms)


Started GET "/users/1/edit" for 127.0.0.1 at 2017-06-07 10:53:50 +1000
Processing by UsersController#edit as HTML
  Parameters: {"id"=>"1"}
  [1m[36mUser Load (0.1ms)[0m  [1m[34mSELECT  "users".* FROM "users" WHERE "users"."id" = ? LIMIT ?[0m  [["id", 1], ["LIMIT", 1]]
  Rendering users/edit.html.erb within layouts/application
  Rendered users/edit.html.erb within layouts/application (2.0ms)
Completed 200 OK in 15ms (Views: 13.3ms | ActiveRecord: 0.1ms)


  [1m[36mUser Load (1.2ms)[0m  [1m[34mSELECT  "users".* FROM "users" LIMIT ?[0m  [["LIMIT", 11]]
